02-Aug-2022 19:52:14.004 INFORMACIÓN [main] sun.reflect.NativeMethodAccessorImpl.invoke Nombre de la versión del servidor:   Apache Tomcat (TomEE)/9.0.20 (8.0.0-M3)

02-Aug-2022 19:52:14.004 INFORMACIÓN [main] sun.reflect.NativeMethodAccessorImpl.invoke Server built:          May 3 2019 22:26:00 UTC
02-Aug-2022 19:52:14.004 INFORMACIÓN [main] sun.reflect.NativeMethodAccessorImpl.invoke Número de versión de servidor:         9.0.20.0
02-Aug-2022 19:52:14.004 INFORMACIÓN [main] sun.reflect.NativeMethodAccessorImpl.invoke OS Name:               Windows 10
02-Aug-2022 19:52:14.004 INFORMACIÓN [main] sun.reflect.NativeMethodAccessorImpl.invoke Versión de Systema Operativo:      10.0

02-Aug-2022 19:52:14.004 INFORMACIÓN [main] sun.reflect.NativeMethodAccessorImpl.invoke Arquitectura:          amd64

02-Aug-2022 19:52:14.004 INFORMACIÓN [main] sun.reflect.NativeMethodAccessorImpl.invoke Java Home:             C:\Program Files\Eclipse Foundation\jdk-8.0.302.8-hotspot\jre
02-Aug-2022 19:52:14.004 INFORMACIÓN [main] sun.reflect.NativeMethodAccessorImpl.invoke JVM Version:           1.8.0_302-b08
02-Aug-2022 19:52:14.004 INFORMACIÓN [main] sun.reflect.NativeMethodAccessorImpl.invoke Vededor JVM:     Temurin
02-Aug-2022 19:52:14.004 INFORMACIÓN [main] sun.reflect.NativeMethodAccessorImpl.invoke CATALINA_BASE:         C:\Users\User\OneDrive\Desktop\proyecto\producto\producto\.distribution\apache-tomee
02-Aug-2022 19:52:14.004 INFORMACIÓN [main] sun.reflect.NativeMethodAccessorImpl.invoke CATALINA_HOME:         C:\Users\User\OneDrive\Desktop\proyecto\producto\producto\.distribution\apache-tomee
02-Aug-2022 19:52:14.020 INFORMACIÓN [main] sun.reflect.NativeMethodAccessorImpl.invoke Command line argument: -Djava.util.logging.config.file=C:\Users\User\OneDrive\Desktop\proyecto\producto\producto\.distribution\apache-tomee\conf\logging.properties
02-Aug-2022 19:52:14.020 INFORMACIÓN [main] sun.reflect.NativeMethodAccessorImpl.invoke Command line argument: -Djava.util.logging.manager=org.apache.juli.ClassLoaderLogManager
02-Aug-2022 19:52:14.020 INFORMACIÓN [main] sun.reflect.NativeMethodAccessorImpl.invoke Command line argument: -javaagent:C:\Users\User\OneDrive\Desktop\proyecto\producto\producto\.distribution\apache-tomee\lib\openejb-javaagent.jar
02-Aug-2022 19:52:14.020 INFORMACIÓN [main] sun.reflect.NativeMethodAccessorImpl.invoke Command line argument: -Djdk.tls.ephemeralDHKeySize=2048
02-Aug-2022 19:52:14.020 INFORMACIÓN [main] sun.reflect.NativeMethodAccessorImpl.invoke Command line argument: -Djava.protocol.handler.pkgs=org.apache.catalina.webresources
02-Aug-2022 19:52:14.020 INFORMACIÓN [main] sun.reflect.DelegatingMethodAccessorImpl.invoke Command line argument: -Dorg.apache.catalina.STRICT_SERVLET_COMPLIANCE=false
02-Aug-2022 19:52:14.020 INFORMACIÓN [main] sun.reflect.DelegatingMethodAccessorImpl.invoke Command line argument: -Dopenejb.session.manager=org.apache.tomee.catalina.session.QuickSessionManager
02-Aug-2022 19:52:14.020 INFORMACIÓN [main] sun.reflect.DelegatingMethodAccessorImpl.invoke Command line argument: -Dtomee.remote.support=true
02-Aug-2022 19:52:14.020 INFORMACIÓN [main] sun.reflect.DelegatingMethodAccessorImpl.invoke Command line argument: -Dopenejb.system.apps=false
02-Aug-2022 19:52:14.020 INFORMACIÓN [main] sun.reflect.DelegatingMethodAccessorImpl.invoke Command line argument: -Dtomee.noshutdownhook=true
02-Aug-2022 19:52:14.020 INFORMACIÓN [main] sun.reflect.DelegatingMethodAccessorImpl.invoke Command line argument: -Dtomee.jsp-development=true
02-Aug-2022 19:52:14.020 INFORMACIÓN [main] sun.reflect.DelegatingMethodAccessorImpl.invoke Command line argument: -Dignore.endorsed.dirs=
02-Aug-2022 19:52:14.020 INFORMACIÓN [main] sun.reflect.DelegatingMethodAccessorImpl.invoke Command line argument: -Dcatalina.base=C:\Users\User\OneDrive\Desktop\proyecto\producto\producto\.distribution\apache-tomee
02-Aug-2022 19:52:14.020 INFORMACIÓN [main] sun.reflect.DelegatingMethodAccessorImpl.invoke Command line argument: -Dcatalina.home=C:\Users\User\OneDrive\Desktop\proyecto\producto\producto\.distribution\apache-tomee
02-Aug-2022 19:52:14.020 INFORMACIÓN [main] sun.reflect.DelegatingMethodAccessorImpl.invoke Command line argument: -Djava.io.tmpdir=C:\Users\User\OneDrive\Desktop\proyecto\producto\producto\.distribution\apache-tomee\temp
02-Aug-2022 19:52:14.020 INFORMACIÓN [main] sun.reflect.DelegatingMethodAccessorImpl.invoke La biblioteca nativa de Apache Tomcat basada en ARP que permite un rendimiento óptimo en entornos de desarrollo no ha sido hallada en java.library.path: [C:\Program Files\Eclipse Foundation\jdk-8.0.302.8-hotspot\bin;C:\WINDOWS\Sun\Java\bin;C:\WINDOWS\system32;C:\WINDOWS;C:\Program Files\Eclipse Foundation\jdk-8.0.302.8-hotspot\bin;C:\Windows\system32;C:\Windows;C:\Windows\System32\Wbem;C:\Windows\System32\WindowsPowerShell\v1.0\;C:\Windows\System32\OpenSSH\;C:\Program Files (x86)\NVIDIA Corporation\PhysX\Common;C:\Program Files\NVIDIA Corporation\NVIDIA NvDLISR;C:\WINDOWS\system32;C:\WINDOWS;C:\WINDOWS\System32\Wbem;C:\WINDOWS\System32\WindowsPowerShell\v1.0\;C:\WINDOWS\System32\OpenSSH\;C:\ProgramData\chocolatey\bin;C:\Program Files\Microsoft VS Code\bin;C:\Program Files\PostgreSQL\14\bin;C:\Program Files\Docker\Docker\resources\bin;C:\ProgramData\DockerDesktop\version-bin;C:\Program Files\Git\cmd;C:\ProgramData\chocolatey\lib\maven\apache-maven-3.8.1\bin;C:\Program Files\PostgreSQL\13\bin;C:\Users\User\AppData\Local\Microsoft\WindowsApps;C:\Users\User\AppData\Local\GitHubDesktop\bin;;.]
02-Aug-2022 19:52:14.287 INFORMACIÓN [main] sun.reflect.DelegatingMethodAccessorImpl.invoke Inicializando el manejador de protocolo ["http-nio-9082"]

02-Aug-2022 19:52:14.521 INFORMACIÓN [main] sun.reflect.DelegatingMethodAccessorImpl.invoke Inicializando el manejador de protocolo ["ajp-nio-8009"]

02-Aug-2022 19:52:14.710 INFORMACIÓN [main] org.apache.openejb.util.OptionsLog.info Using 'tomee.remote.support=true'
02-Aug-2022 19:52:14.725 INFORMACIÓN [main] org.apache.openejb.util.OptionsLog.info Using 'openejb.jdbc.datasource-creator=org.apache.tomee.jdbc.TomEEDataSourceCreator'
02-Aug-2022 19:52:14.788 INFORMACIÓN [main] org.apache.openejb.OpenEJB$Instance.<init> ********************************************************************************
02-Aug-2022 19:52:14.788 INFORMACIÓN [main] org.apache.openejb.OpenEJB$Instance.<init> OpenEJB http://tomee.apache.org/
02-Aug-2022 19:52:14.788 INFORMACIÓN [main] org.apache.openejb.OpenEJB$Instance.<init> Startup: Tue Aug 02 19:52:14 COT 2022
02-Aug-2022 19:52:14.788 INFORMACIÓN [main] org.apache.openejb.OpenEJB$Instance.<init> Copyright 1999-2018 (C) Apache OpenEJB Project, All Rights Reserved.
02-Aug-2022 19:52:14.788 INFORMACIÓN [main] org.apache.openejb.OpenEJB$Instance.<init> Version: 8.0.0-M3
02-Aug-2022 19:52:14.788 INFORMACIÓN [main] org.apache.openejb.OpenEJB$Instance.<init> Build date: 20190523
02-Aug-2022 19:52:14.788 INFORMACIÓN [main] org.apache.openejb.OpenEJB$Instance.<init> Build time: 12:13
02-Aug-2022 19:52:14.788 INFORMACIÓN [main] org.apache.openejb.OpenEJB$Instance.<init> ********************************************************************************
02-Aug-2022 19:52:14.788 INFORMACIÓN [main] org.apache.openejb.OpenEJB$Instance.<init> openejb.home = C:\Users\User\OneDrive\Desktop\proyecto\producto\producto\.distribution\apache-tomee
02-Aug-2022 19:52:14.788 INFORMACIÓN [main] org.apache.openejb.OpenEJB$Instance.<init> openejb.base = C:\Users\User\OneDrive\Desktop\proyecto\producto\producto\.distribution\apache-tomee
02-Aug-2022 19:52:14.788 INFORMACIÓN [main] org.apache.openejb.cdi.CdiBuilder.initializeOWB Created new singletonService org.apache.openejb.cdi.ThreadSingletonServiceImpl@659a969b
02-Aug-2022 19:52:14.788 INFORMACIÓN [main] org.apache.openejb.cdi.CdiBuilder.initializeOWB Succeeded in installing singleton service
02-Aug-2022 19:52:14.819 INFORMACIÓN [main] org.apache.openejb.config.ConfigurationFactory.init TomEE configuration file is 'C:\Users\User\OneDrive\Desktop\proyecto\producto\producto\.distribution\apache-tomee\conf\tomee.xml'
02-Aug-2022 19:52:14.851 INFORMACIÓN [main] org.apache.openejb.config.ConfigurationFactory.configureService Configuring Service(id=Tomcat Security Service, type=SecurityService, provider-id=Tomcat Security Service)
02-Aug-2022 19:52:14.851 INFORMACIÓN [main] org.apache.openejb.config.ConfigurationFactory.configureService Configuring Service(id=Default Transaction Manager, type=TransactionManager, provider-id=Default Transaction Manager)
02-Aug-2022 19:52:14.851 INFORMACIÓN [main] org.apache.openejb.util.OptionsLog.info Using 'openejb.system.apps=false'
02-Aug-2022 19:52:14.851 INFORMACIÓN [main] org.apache.openejb.util.OptionsLog.info Using 'openejb.deployments.classpath=false'
02-Aug-2022 19:52:14.867 INFORMACIÓN [main] org.apache.openejb.assembler.classic.Assembler.createRecipe Creating TransactionManager(id=Default Transaction Manager)
02-Aug-2022 19:52:14.898 INFORMACIÓN [main] org.apache.openejb.assembler.classic.Assembler.createRecipe Creating SecurityService(id=Tomcat Security Service)
02-Aug-2022 19:52:14.992 INFORMACIÓN [main] org.apache.openejb.server.ServiceManager.initServer Creating ServerService(id=cxf-rs)
02-Aug-2022 19:52:15.102 INFORMACIÓN [main] org.apache.openejb.server.SimpleServiceManager.start   ** Bound Services **
02-Aug-2022 19:52:15.102 INFORMACIÓN [main] org.apache.openejb.server.SimpleServiceManager.printRow   NAME                 IP              PORT  
02-Aug-2022 19:52:15.102 INFORMACIÓN [main] org.apache.openejb.server.SimpleServiceManager.start -------
02-Aug-2022 19:52:15.102 INFORMACIÓN [main] org.apache.openejb.server.SimpleServiceManager.start Ready!
02-Aug-2022 19:52:15.102 INFORMACIÓN [main] org.apache.openejb.util.OptionsLog.info Using 'tomee.noshutdownhook=true'
02-Aug-2022 19:52:15.102 INFORMACIÓN [main] sun.reflect.DelegatingMethodAccessorImpl.invoke Server initialization in [1.268] milliseconds
02-Aug-2022 19:52:15.133 INFORMACIÓN [main] org.apache.tomee.catalina.OpenEJBNamingContextListener.bindResource Importing a Tomcat Resource with id 'UserDatabase' of type 'org.apache.catalina.UserDatabase'.
02-Aug-2022 19:52:15.133 INFORMACIÓN [main] org.apache.openejb.assembler.classic.Assembler.createRecipe Creating Resource(id=UserDatabase)
02-Aug-2022 19:52:15.149 INFORMACIÓN [main] sun.reflect.DelegatingMethodAccessorImpl.invoke Arrancando servicio [Catalina]
02-Aug-2022 19:52:15.149 INFORMACIÓN [main] sun.reflect.DelegatingMethodAccessorImpl.invoke Starting Servlet engine: [Apache Tomcat (TomEE)/9.0.20 (8.0.0-M3)]
02-Aug-2022 19:52:15.164 INFORMACIÓN [main] sun.reflect.DelegatingMethodAccessorImpl.invoke Despliegue del archivo [C:\Users\User\OneDrive\Desktop\proyecto\producto\producto\.distribution\apache-tomee\webapps\ROOT.war] de la aplicación web
02-Aug-2022 19:52:15.166 INFORMACIÓN [main] org.apache.tomee.catalina.TomcatWebAppBuilder.init ------------------------- localhost -> /
02-Aug-2022 19:52:15.166 INFORMACIÓN [main] org.apache.openejb.util.JarExtractor.extract Extracting jar: C:\Users\User\OneDrive\Desktop\proyecto\producto\producto\.distribution\apache-tomee\webapps\ROOT.war
02-Aug-2022 19:52:15.683 INFORMACIÓN [main] org.apache.openejb.util.JarExtractor.extract Extracted path: C:\Users\User\OneDrive\Desktop\proyecto\producto\producto\.distribution\apache-tomee\webapps\ROOT
02-Aug-2022 19:52:15.683 INFORMACIÓN [main] org.apache.openejb.util.OptionsLog.info Using 'openejb.session.manager=org.apache.tomee.catalina.session.QuickSessionManager'
02-Aug-2022 19:52:15.792 INFORMACIÓN [main] org.apache.openejb.util.OptionsLog.info Using 'tomee.mp.scan=all'
02-Aug-2022 19:52:16.517 INFORMACIÓN [main] org.apache.openejb.config.ConfigurationFactory.configureApplication Configuring enterprise application: C:\Users\User\OneDrive\Desktop\proyecto\producto\producto\.distribution\apache-tomee\webapps\ROOT
02-Aug-2022 19:52:16.709 GRAVE [main] sun.reflect.NativeMethodAccessorImpl.invoke Error durante el despliegue del archivo [C:\Users\User\OneDrive\Desktop\proyecto\producto\producto\.distribution\apache-tomee\webapps\ROOT.war] de la aplicación web
	java.lang.IllegalStateException: Error starting child
		at org.apache.catalina.core.ContainerBase.addChildInternal(ContainerBase.java:716)
		at org.apache.catalina.core.ContainerBase.addChild(ContainerBase.java:690)
		at org.apache.catalina.core.StandardHost.addChild(StandardHost.java:705)
		at org.apache.catalina.startup.HostConfig.deployWAR(HostConfig.java:978)
		at org.apache.catalina.startup.HostConfig$DeployWar.run(HostConfig.java:1849)
		at java.util.concurrent.Executors$RunnableAdapter.call(Executors.java:511)
		at java.util.concurrent.FutureTask.run(FutureTask.java:266)
		at org.apache.tomcat.util.threads.InlineExecutorService.execute(InlineExecutorService.java:75)
		at java.util.concurrent.AbstractExecutorService.submit(AbstractExecutorService.java:112)
		at org.apache.catalina.startup.HostConfig.deployWARs(HostConfig.java:773)
		at org.apache.catalina.startup.HostConfig.deployApps(HostConfig.java:427)
		at org.apache.catalina.startup.HostConfig.start(HostConfig.java:1576)
		at org.apache.catalina.startup.HostConfig.lifecycleEvent(HostConfig.java:309)
		at org.apache.catalina.util.LifecycleBase.fireLifecycleEvent(LifecycleBase.java:123)
		at org.apache.catalina.util.LifecycleBase.setStateInternal(LifecycleBase.java:423)
		at org.apache.catalina.util.LifecycleBase.setState(LifecycleBase.java:366)
		at org.apache.catalina.core.ContainerBase.startInternal(ContainerBase.java:929)
		at org.apache.catalina.core.StandardHost.startInternal(StandardHost.java:841)
		at org.apache.catalina.util.LifecycleBase.start(LifecycleBase.java:183)
		at org.apache.catalina.core.ContainerBase$StartChild.call(ContainerBase.java:1377)
		at org.apache.catalina.core.ContainerBase$StartChild.call(ContainerBase.java:1367)
		at java.util.concurrent.FutureTask.run(FutureTask.java:266)
		at org.apache.tomcat.util.threads.InlineExecutorService.execute(InlineExecutorService.java:75)
		at java.util.concurrent.AbstractExecutorService.submit(AbstractExecutorService.java:134)
		at org.apache.catalina.core.ContainerBase.startInternal(ContainerBase.java:902)
		at org.apache.catalina.core.StandardEngine.startInternal(StandardEngine.java:262)
		at org.apache.catalina.util.LifecycleBase.start(LifecycleBase.java:183)
		at org.apache.catalina.core.StandardService.startInternal(StandardService.java:421)
		at org.apache.catalina.util.LifecycleBase.start(LifecycleBase.java:183)
		at org.apache.catalina.core.StandardServer.startInternal(StandardServer.java:932)
		at org.apache.catalina.util.LifecycleBase.start(LifecycleBase.java:183)
		at org.apache.catalina.startup.Catalina.start(Catalina.java:633)
		at sun.reflect.NativeMethodAccessorImpl.invoke0(Native Method)
		at sun.reflect.NativeMethodAccessorImpl.invoke(NativeMethodAccessorImpl.java:62)
		at sun.reflect.DelegatingMethodAccessorImpl.invoke(DelegatingMethodAccessorImpl.java:43)
		at java.lang.reflect.Method.invoke(Method.java:498)
		at org.apache.catalina.startup.Bootstrap.start(Bootstrap.java:344)
		at org.apache.catalina.startup.Bootstrap.main(Bootstrap.java:475)
	Caused by: org.apache.catalina.LifecycleException: Failed to start component [StandardEngine[Catalina].StandardHost[localhost].StandardContext[]]
		at org.apache.catalina.util.LifecycleBase.handleSubClassException(LifecycleBase.java:440)
		at org.apache.catalina.util.LifecycleBase.start(LifecycleBase.java:198)
		at org.apache.catalina.core.ContainerBase.addChildInternal(ContainerBase.java:713)
		... 37 more
	Caused by: java.lang.Error: Unresolved compilation problem: 
	The declared package "com.pucese.producto" does not match the expected package "com.pucese.producto.resources"

		at com.pucese.producto.resources.ProductoRestApplication.<init>(ProductoRestApplication.java:1)
		at sun.reflect.NativeConstructorAccessorImpl.newInstance0(Native Method)
		at sun.reflect.NativeConstructorAccessorImpl.newInstance(NativeConstructorAccessorImpl.java:62)
		at sun.reflect.DelegatingConstructorAccessorImpl.newInstance(DelegatingConstructorAccessorImpl.java:45)
		at java.lang.reflect.Constructor.newInstance(Constructor.java:423)
		at java.lang.Class.newInstance(Class.java:442)
		at org.apache.openejb.config.AnnotationDeployer$ProcessAnnotatedBeans.deploy(AnnotationDeployer.java:2230)
		at org.apache.openejb.config.AnnotationDeployer$ProcessAnnotatedBeans.deploy(AnnotationDeployer.java:2015)
		at org.apache.openejb.config.AnnotationDeployer.deploy(AnnotationDeployer.java:384)
		at org.apache.openejb.config.ConfigurationFactory$Chain.deploy(ConfigurationFactory.java:420)
		at org.apache.openejb.config.ConfigurationFactory.configureApplication(ConfigurationFactory.java:1033)
		at org.apache.tomee.catalina.TomcatWebAppBuilder.startInternal(TomcatWebAppBuilder.java:1286)
		at org.apache.tomee.catalina.TomcatWebAppBuilder.configureStart(TomcatWebAppBuilder.java:1130)
		at org.apache.tomee.catalina.GlobalListenerSupport.lifecycleEvent(GlobalListenerSupport.java:134)
		at org.apache.catalina.util.LifecycleBase.fireLifecycleEvent(LifecycleBase.java:123)
		at org.apache.catalina.core.StandardContext.startInternal(StandardContext.java:5048)
		at org.apache.catalina.util.LifecycleBase.start(LifecycleBase.java:183)
		... 38 more
02-Aug-2022 19:52:16.709 INFORMACIÓN [main] sun.reflect.DelegatingMethodAccessorImpl.invoke Deployment of web application archive [C:\Users\User\OneDrive\Desktop\proyecto\producto\producto\.distribution\apache-tomee\webapps\ROOT.war] has finished in [1.545] ms
02-Aug-2022 19:52:16.735 INFORMACIÓN [main] org.apache.catalina.core.StandardContext.setClassLoaderProperty Unable to set the web application class loader property [clearReferencesRmiTargets] to [true] as the property does not exist.
02-Aug-2022 19:52:16.735 INFORMACIÓN [main] org.apache.catalina.core.StandardContext.setClassLoaderProperty Unable to set the web application class loader property [clearReferencesObjectStreamClassCaches] to [true] as the property does not exist.
02-Aug-2022 19:52:16.735 INFORMACIÓN [main] org.apache.catalina.core.StandardContext.setClassLoaderProperty Unable to set the web application class loader property [clearReferencesObjectStreamClassCaches] to [true] as the property does not exist.
02-Aug-2022 19:52:16.735 INFORMACIÓN [main] org.apache.catalina.core.StandardContext.setClassLoaderProperty Unable to set the web application class loader property [clearReferencesThreadLocals] to [true] as the property does not exist.
02-Aug-2022 19:52:16.746 INFORMACIÓN [main] sun.reflect.DelegatingMethodAccessorImpl.invoke Starting ProtocolHandler ["http-nio-9082"]
02-Aug-2022 19:52:16.762 INFORMACIÓN [main] sun.reflect.DelegatingMethodAccessorImpl.invoke Starting ProtocolHandler ["ajp-nio-8009"]
02-Aug-2022 19:52:16.770 INFORMACIÓN [main] sun.reflect.DelegatingMethodAccessorImpl.invoke Server startup in [1.661] milliseconds
